2022-09-05T11:05:13.266Z - [INFO   ] - Listening at port 3000
2022-09-05T11:05:13.329Z - [INFO   ] - Connection successful
2022-09-05T11:05:15.219Z - [INFO   ] - User signed in successfully
2022-09-05T11:05:19.375Z - [INFO   ] - List not created successfully
2022-09-05T11:05:24.815Z - [INFO   ] - Users found
2022-09-05T11:05:28.974Z - [INFO   ] - List found
2022-09-05T11:18:28.726Z - [INFO   ] - Listening at port 3000
2022-09-05T11:18:28.810Z - [INFO   ] - Connection successful
2022-09-05T11:18:32.333Z - [INFO   ] - Listening at port 3000
2022-09-05T11:18:32.401Z - [INFO   ] - Connection successful
2022-09-05T11:18:34.504Z - [INFO   ] - Listening at port 3000
2022-09-05T11:18:34.578Z - [INFO   ] - Connection successful
2022-09-05T11:18:37.202Z - [INFO   ] - Listening at port 3000
2022-09-05T11:18:37.275Z - [INFO   ] - Connection successful
2022-09-05T11:18:39.821Z - [INFO   ] - Listening at port 3000
2022-09-05T11:18:39.905Z - [INFO   ] - Connection successful
2022-09-05T11:18:44.011Z - [INFO   ] - Listening at port 3000
2022-09-05T11:18:44.082Z - [INFO   ] - Connection successful
2022-09-06T07:25:10.938Z - [INFO   ] - Listening at port 3000
2022-09-06T07:25:11.133Z - [INFO   ] - Connection successful
2022-09-06T07:25:13.566Z - [ERROR  ] - Error verifying Cannot read properties of null (reading 'id')
2022-09-06T07:25:21.845Z - [INFO   ] - User created successfully
2022-09-06T07:25:30.265Z - [INFO   ] - User signed in successfully
2022-09-06T07:26:23.054Z - [INFO   ] - Listening at port 3000
2022-09-06T07:26:23.113Z - [INFO   ] - Connection successful
2022-09-06T07:26:43.399Z - [INFO   ] - Listening at port 3000
2022-09-06T07:26:43.452Z - [INFO   ] - Connection successful
2022-09-06T07:28:21.238Z - [INFO   ] - Listening at port 3000
2022-09-06T07:28:21.292Z - [INFO   ] - Connection successful
2022-09-06T07:28:47.276Z - [INFO   ] - Listening at port 3000
2022-09-06T07:28:47.383Z - [INFO   ] - Connection successful
2022-09-06T07:29:53.667Z - [INFO   ] - Listening at port 3000
2022-09-06T07:29:53.808Z - [INFO   ] - Connection successful
2022-09-06T07:29:54.400Z - [INFO   ] - User signed in successfully
2022-09-06T07:29:57.286Z - [INFO   ] - List created successfully
2022-09-06T07:29:58.599Z - [INFO   ] - List not created successfully
2022-09-06T07:30:41.506Z - [INFO   ] - Listening at port 3000
2022-09-06T07:30:41.567Z - [INFO   ] - Connection successful
2022-09-06T07:31:56.256Z - [INFO   ] - Listening at port 3000
2022-09-06T07:31:56.346Z - [INFO   ] - Connection successful
2022-09-06T07:32:02.964Z - [INFO   ] - User signed in successfully
2022-09-06T07:33:18.923Z - [INFO   ] - Listening at port 3000
2022-09-06T07:33:18.985Z - [INFO   ] - Connection successful
2022-09-06T07:33:29.672Z - [INFO   ] - Listening at port 3000
2022-09-06T07:33:29.750Z - [INFO   ] - Connection successful
2022-09-06T07:33:32.089Z - [INFO   ] - User signed in successfully
2022-09-06T07:37:24.683Z - [INFO   ] - Listening at port 3000
2022-09-06T07:37:24.767Z - [INFO   ] - Connection successful
2022-09-06T07:37:45.737Z - [INFO   ] - Listening at port 3000
2022-09-06T07:37:45.809Z - [INFO   ] - Connection successful
2022-09-06T07:37:59.856Z - [INFO   ] - Listening at port 3000
2022-09-06T07:37:59.969Z - [INFO   ] - Connection successful
2022-09-06T07:38:13.114Z - [INFO   ] - User signed in successfully
2022-09-06T07:38:34.109Z - [INFO   ] - Listening at port 3000
2022-09-06T07:38:34.178Z - [INFO   ] - Connection successful
2022-09-06T07:38:35.839Z - [INFO   ] - User signed in successfully
2022-09-06T08:04:20.016Z - [INFO   ] - Listening at port 3000
2022-09-06T08:04:20.108Z - [INFO   ] - Connection successful
2022-09-06T08:04:32.510Z - [INFO   ] - User signed in successfully
2022-09-06T09:05:48.934Z - [INFO   ] - Listening at port 3000
2022-09-06T09:05:49.029Z - [INFO   ] - Connection successful
2022-09-06T09:05:54.468Z - [ERROR  ] - Error verifying Cannot read properties of null (reading 'id')
2022-09-06T09:06:04.919Z - [INFO   ] - Listening at port 3000
2022-09-06T09:06:05.012Z - [INFO   ] - Connection successful
2022-09-06T09:06:06.405Z - [INFO   ] - User created successfully
2022-09-06T09:06:11.551Z - [INFO   ] - User signed in successfully
2022-09-06T09:06:29.038Z - [INFO   ] - Listening at port 3000
2022-09-06T09:06:29.157Z - [INFO   ] - Connection successful
2022-09-06T09:06:50.215Z - [INFO   ] - User signed in successfully
2022-09-06T09:06:58.101Z - [INFO   ] - List created successfully
2022-09-06T09:07:53.558Z - [INFO   ] - Listening at port 3000
2022-09-06T09:07:53.633Z - [INFO   ] - Connection successful
2022-09-06T09:07:56.483Z - [INFO   ] - Listening at port 3000
2022-09-06T09:07:56.545Z - [INFO   ] - Connection successful
2022-09-06T09:08:02.942Z - [INFO   ] - User signed in successfully
2022-09-06T09:10:45.248Z - [INFO   ] - Listening at port 3000
2022-09-06T09:10:45.320Z - [INFO   ] - Connection successful
2022-09-06T09:10:55.181Z - [INFO   ] - Listening at port 3000
2022-09-06T09:10:55.282Z - [INFO   ] - Connection successful
2022-09-06T09:10:57.131Z - [INFO   ] - User signed in successfully
2022-09-06T09:11:31.446Z - [INFO   ] - Listening at port 3000
2022-09-06T09:11:31.560Z - [INFO   ] - Connection successful
2022-09-06T09:11:34.100Z - [INFO   ] - User signed in successfully
2022-09-06T09:13:41.204Z - [INFO   ] - Listening at port 3000
2022-09-06T09:13:41.266Z - [INFO   ] - Connection successful
2022-09-06T09:13:48.470Z - [INFO   ] - User signed in successfully
2022-09-06T09:13:51.833Z - [ERROR  ] - Cannot read properties of undefined (reading 'create')
2022-09-06T09:14:51.250Z - [INFO   ] - Listening at port 3000
2022-09-06T09:14:51.302Z - [INFO   ] - Connection successful
2022-09-06T09:15:14.610Z - [INFO   ] - Listening at port 3000
2022-09-06T09:15:14.741Z - [INFO   ] - Connection successful
2022-09-06T09:15:18.548Z - [INFO   ] - User signed in successfully
2022-09-06T09:15:21.176Z - [ERROR  ] - Field 'dueDate' doesn't have a default value
2022-09-06T09:18:55.269Z - [INFO   ] - User signed in successfully
2022-09-06T09:19:00.256Z - [ERROR  ] - Field 'dueDate' doesn't have a default value
2022-09-06T09:20:33.937Z - [INFO   ] - Listening at port 3000
2022-09-06T09:20:34.036Z - [INFO   ] - Connection successful
2022-09-06T09:20:41.794Z - [INFO   ] - User signed in successfully
2022-09-06T09:20:59.816Z - [ERROR  ] - Field 'dueDate' doesn't have a default value
2022-09-06T09:23:41.338Z - [INFO   ] - Listening at port 3000
2022-09-06T09:23:41.446Z - [INFO   ] - Connection successful
2022-09-06T09:23:42.845Z - [INFO   ] - Listening at port 3000
2022-09-06T09:23:42.899Z - [INFO   ] - Connection successful
2022-09-06T09:23:56.640Z - [INFO   ] - User signed in successfully
2022-09-06T09:25:07.457Z - [INFO   ] - Listening at port 3000
2022-09-06T09:25:07.566Z - [INFO   ] - Connection successful
2022-09-06T09:25:11.014Z - [INFO   ] - User signed in successfully
2022-09-06T09:26:58.299Z - [INFO   ] - Listening at port 3000
2022-09-06T09:26:58.355Z - [INFO   ] - Connection successful
2022-09-06T09:27:39.783Z - [INFO   ] - Listening at port 3000
2022-09-06T09:27:39.832Z - [INFO   ] - Connection successful
2022-09-06T09:27:43.882Z - [INFO   ] - User created successfully
2022-09-06T09:27:47.866Z - [INFO   ] - User signed in successfully
2022-09-06T09:28:19.257Z - [INFO   ] - Listening at port 3000
2022-09-06T09:28:19.330Z - [INFO   ] - Connection successful
2022-09-06T09:28:21.996Z - [INFO   ] - User signed in successfully
2022-09-06T09:28:24.788Z - [INFO   ] - List created successfully
2022-09-06T09:28:52.172Z - [INFO   ] - Listening at port 3000
2022-09-06T09:28:52.218Z - [INFO   ] - Connection successful
2022-09-06T09:29:23.839Z - [INFO   ] - Listening at port 3000
2022-09-06T09:29:23.926Z - [INFO   ] - Connection successful
2022-09-06T09:29:26.293Z - [INFO   ] - User signed in successfully
2022-09-06T09:33:16.076Z - [INFO   ] - Listening at port 3000
2022-09-06T09:33:16.231Z - [INFO   ] - Connection successful
2022-09-06T09:33:22.238Z - [INFO   ] - User signed in successfully
2022-09-06T09:35:12.401Z - [INFO   ] - Listening at port 3000
2022-09-06T09:35:12.445Z - [INFO   ] - Connection successful
2022-09-06T09:35:15.263Z - [INFO   ] - Listening at port 3000
2022-09-06T09:35:15.363Z - [INFO   ] - Connection successful
2022-09-06T09:35:46.506Z - [INFO   ] - Listening at port 3000
2022-09-06T09:35:46.558Z - [INFO   ] - Connection successful
2022-09-06T09:35:51.617Z - [INFO   ] - User created successfully
2022-09-06T09:35:55.172Z - [INFO   ] - User signed in successfully
2022-09-06T09:36:07.591Z - [INFO   ] - Listening at port 3000
2022-09-06T09:36:07.646Z - [INFO   ] - Connection successful
2022-09-06T09:36:11.688Z - [INFO   ] - User signed in successfully
2022-09-06T09:36:14.072Z - [INFO   ] - List created successfully
2022-09-06T09:37:11.248Z - [INFO   ] - Listening at port 3000
2022-09-06T09:37:11.315Z - [INFO   ] - Connection successful
2022-09-06T09:37:27.420Z - [INFO   ] - Listening at port 3000
2022-09-06T09:37:27.488Z - [INFO   ] - Connection successful
2022-09-06T09:37:34.722Z - [INFO   ] - User created successfully
2022-09-06T09:37:40.374Z - [INFO   ] - User signed in successfully
2022-09-06T09:37:43.359Z - [INFO   ] - List created successfully
2022-09-06T09:37:48.588Z - [INFO   ] - Item created successfully
2022-09-06T09:40:02.538Z - [INFO   ] - Item created successfully
2022-09-06T09:41:21.109Z - [INFO   ] - Item created successfully
2022-09-06T09:43:21.140Z - [INFO   ] - Listening at port 3000
2022-09-06T09:43:21.204Z - [INFO   ] - Connection successful
2022-09-06T09:43:58.420Z - [INFO   ] - Listening at port 3000
2022-09-06T09:43:58.499Z - [INFO   ] - Connection successful
2022-09-06T09:44:02.673Z - [INFO   ] - User created successfully
2022-09-06T09:44:06.909Z - [INFO   ] - User signed in successfully
2022-09-06T09:44:10.310Z - [INFO   ] - List created successfully
2022-09-06T09:44:25.280Z - [INFO   ] - Item created successfully
2022-09-06T09:45:01.603Z - [INFO   ] - Item created successfully
2022-09-06T09:45:15.500Z - [INFO   ] - Item created successfully
2022-09-06T09:45:30.943Z - [INFO   ] - Item created successfully
2022-09-06T09:46:09.621Z - [INFO   ] - Item created successfully
2022-09-06T09:46:28.583Z - [INFO   ] - Item created successfully
2022-09-06T09:46:43.138Z - [INFO   ] - Item created successfully
2022-09-06T09:47:02.683Z - [INFO   ] - Item created successfully
2022-09-06T09:47:28.634Z - [INFO   ] - Listening at port 3000
2022-09-06T09:47:28.711Z - [INFO   ] - Connection successful
2022-09-06T09:48:10.996Z - [INFO   ] - Listening at port 3000
2022-09-06T09:48:11.104Z - [INFO   ] - Connection successful
2022-09-06T09:48:15.827Z - [INFO   ] - User signed in successfully
2022-09-06T09:48:18.939Z - [INFO   ] - Item created successfully
2022-09-06T09:50:58.450Z - [INFO   ] - Item created successfully
2022-09-06T09:51:36.661Z - [INFO   ] - Item created successfully
2022-09-06T09:51:50.800Z - [INFO   ] - Item created successfully
2022-09-06T09:52:05.378Z - [INFO   ] - Item created successfully
2022-09-06T09:52:34.482Z - [INFO   ] - Item created successfully
2022-09-06T09:56:52.959Z - [INFO   ] - Listening at port 3000
2022-09-06T09:56:53.001Z - [INFO   ] - Connection successful
2022-09-06T09:57:54.890Z - [INFO   ] - Listening at port 3000
2022-09-06T09:57:54.939Z - [INFO   ] - Connection successful
2022-09-06T09:57:58.920Z - [INFO   ] - User signed in successfully
2022-09-06T09:58:06.867Z - [INFO   ] - Item created successfully
2022-09-06T09:58:40.242Z - [INFO   ] - Listening at port 3000
2022-09-06T09:58:40.315Z - [INFO   ] - Connection successful
2022-09-06T09:58:47.383Z - [INFO   ] - User signed in successfully
2022-09-06T09:58:50.741Z - [INFO   ] - Item created successfully
2022-09-06T09:59:47.009Z - [INFO   ] - Listening at port 3000
2022-09-06T09:59:47.084Z - [INFO   ] - Connection successful
2022-09-06T09:59:50.839Z - [INFO   ] - User signed in successfully
2022-09-06T09:59:52.670Z - [INFO   ] - Item created successfully
2022-09-06T10:00:04.771Z - [INFO   ] - Listening at port 3000
2022-09-06T10:00:04.865Z - [INFO   ] - Connection successful
2022-09-06T10:00:08.548Z - [INFO   ] - User signed in successfully
2022-09-06T10:00:10.301Z - [INFO   ] - Item created successfully
2022-09-06T10:00:47.301Z - [INFO   ] - Listening at port 3000
2022-09-06T10:00:47.344Z - [INFO   ] - Connection successful
2022-09-06T10:01:35.639Z - [INFO   ] - Listening at port 3000
2022-09-06T10:01:35.726Z - [INFO   ] - Connection successful
2022-09-06T10:01:39.273Z - [INFO   ] - User signed in successfully
2022-09-06T10:01:41.272Z - [INFO   ] - Item created successfully
2022-09-06T10:02:17.945Z - [INFO   ] - Listening at port 3000
2022-09-06T10:02:18.003Z - [INFO   ] - Connection successful
2022-09-06T10:02:53.259Z - [INFO   ] - Listening at port 3000
2022-09-06T10:02:53.298Z - [INFO   ] - Connection successful
2022-09-06T10:02:56.970Z - [INFO   ] - User created successfully
2022-09-06T10:03:03.161Z - [INFO   ] - User signed in successfully
2022-09-06T10:03:28.880Z - [INFO   ] - Listening at port 3000
2022-09-06T10:03:29.020Z - [INFO   ] - Connection successful
2022-09-06T10:03:33.401Z - [INFO   ] - User signed in successfully
2022-09-06T10:03:36.026Z - [INFO   ] - List created successfully
2022-09-06T10:03:40.026Z - [INFO   ] - Item created successfully
2022-09-06T10:05:19.995Z - [INFO   ] - Listening at port 3000
2022-09-06T10:05:20.055Z - [INFO   ] - Connection successful
2022-09-06T10:05:28.133Z - [INFO   ] - User signed in successfully
2022-09-06T10:05:30.053Z - [INFO   ] - Item created successfully
2022-09-06T10:06:57.327Z - [INFO   ] - Item created successfully
2022-09-06T10:07:18.840Z - [INFO   ] - Listening at port 3000
2022-09-06T10:07:18.956Z - [INFO   ] - Connection successful
2022-09-06T10:07:44.091Z - [INFO   ] - Listening at port 3000
2022-09-06T10:07:44.140Z - [INFO   ] - Connection successful
2022-09-06T10:07:45.908Z - [INFO   ] - Listening at port 3000
2022-09-06T10:07:45.967Z - [INFO   ] - Connection successful
2022-09-06T10:07:47.753Z - [INFO   ] - User signed in successfully
2022-09-06T10:07:52.127Z - [INFO   ] - Item created successfully
2022-09-06T10:08:16.365Z - [INFO   ] - Listening at port 3000
2022-09-06T10:08:16.416Z - [INFO   ] - Connection successful
2022-09-06T10:08:18.176Z - [INFO   ] - Listening at port 3000
2022-09-06T10:08:18.308Z - [INFO   ] - Connection successful
2022-09-06T10:08:22.052Z - [INFO   ] - User signed in successfully
2022-09-06T10:08:24.429Z - [INFO   ] - Item created successfully
2022-09-06T10:09:12.113Z - [INFO   ] - Item created successfully
2022-09-06T10:10:55.225Z - [INFO   ] - Listening at port 3000
2022-09-06T10:10:55.286Z - [INFO   ] - Connection successful
2022-09-06T10:10:57.770Z - [INFO   ] - Listening at port 3000
2022-09-06T10:10:57.821Z - [INFO   ] - Connection successful
2022-09-06T10:11:13.609Z - [INFO   ] - Listening at port 3000
2022-09-06T10:11:13.659Z - [INFO   ] - Connection successful
2022-09-06T10:11:18.999Z - [INFO   ] - User created successfully
2022-09-06T10:11:23.488Z - [INFO   ] - User signed in successfully
2022-09-06T10:11:26.531Z - [INFO   ] - List created successfully
2022-09-06T10:12:12.405Z - [INFO   ] - Listening at port 3000
2022-09-06T10:12:12.497Z - [INFO   ] - Connection successful
2022-09-06T10:12:39.883Z - [INFO   ] - Listening at port 3000
2022-09-06T10:12:39.947Z - [INFO   ] - Connection successful
2022-09-06T10:12:46.757Z - [INFO   ] - User created successfully
2022-09-06T10:12:50.004Z - [INFO   ] - User signed in successfully
2022-09-06T10:12:52.645Z - [INFO   ] - List created successfully
2022-09-06T10:12:55.894Z - [INFO   ] - Item created successfully
2022-09-06T10:14:39.530Z - [INFO   ] - Listening at port 3000
2022-09-06T10:14:39.574Z - [INFO   ] - Connection successful
2022-09-06T10:14:56.086Z - [INFO   ] - Listening at port 3000
2022-09-06T10:14:56.133Z - [INFO   ] - Connection successful
2022-09-06T10:16:02.576Z - [INFO   ] - Listening at port 3000
2022-09-06T10:16:02.674Z - [INFO   ] - Connection successful
2022-09-06T10:16:09.933Z - [INFO   ] - User created successfully
2022-09-06T10:16:12.976Z - [INFO   ] - User signed in successfully
2022-09-06T10:16:15.156Z - [INFO   ] - List created successfully
2022-09-06T10:16:17.923Z - [INFO   ] - Item created successfully
2022-09-06T10:16:38.526Z - [INFO   ] - Item created successfully
2022-09-06T10:17:09.515Z - [INFO   ] - Item created successfully
2022-09-06T10:19:15.491Z - [INFO   ] - Item created successfully
2022-09-06T10:19:32.237Z - [INFO   ] - Item created successfully
2022-09-06T10:19:43.661Z - [INFO   ] - Item created successfully
2022-09-06T10:19:57.521Z - [INFO   ] - Item created successfully
2022-09-06T10:20:04.428Z - [INFO   ] - Item created successfully
2022-09-06T10:24:59.001Z - [INFO   ] - Listening at port 3000
2022-09-06T10:24:59.044Z - [INFO   ] - Connection successful
2022-09-06T10:25:21.407Z - [INFO   ] - Listening at port 3000
2022-09-06T10:25:21.449Z - [INFO   ] - Connection successful
2022-09-06T10:25:43.913Z - [INFO   ] - Listening at port 3000
2022-09-06T10:25:43.976Z - [INFO   ] - Connection successful
2022-09-06T10:25:52.387Z - [INFO   ] - User created successfully
2022-09-06T10:25:56.641Z - [INFO   ] - User signed in successfully
2022-09-06T10:25:59.113Z - [INFO   ] - List created successfully
2022-09-06T10:26:04.238Z - [INFO   ] - Item created successfully
2022-09-06T10:26:48.366Z - [INFO   ] - Listening at port 3000
2022-09-06T10:26:48.422Z - [INFO   ] - Connection successful
2022-09-06T10:27:33.062Z - [INFO   ] - Listening at port 3000
2022-09-06T10:27:33.107Z - [INFO   ] - Connection successful
2022-09-06T10:27:35.264Z - [INFO   ] - User created successfully
2022-09-06T10:27:38.164Z - [INFO   ] - User signed in successfully
2022-09-06T10:27:40.536Z - [INFO   ] - List created successfully
2022-09-06T10:27:50.401Z - [INFO   ] - Item created successfully
2022-09-06T10:29:02.384Z - [INFO   ] - User signed in successfully
2022-09-06T10:29:05.095Z - [INFO   ] - Item created successfully
2022-09-06T10:29:48.100Z - [INFO   ] - Item created successfully
2022-09-06T10:30:17.867Z - [INFO   ] - Item created successfully
2022-09-06T10:30:35.722Z - [INFO   ] - Item created successfully
2022-09-06T10:32:10.438Z - [INFO   ] - Item created successfully
2022-09-06T10:33:06.876Z - [INFO   ] - Item created successfully
2022-09-06T10:34:31.149Z - [INFO   ] - Item created successfully
2022-09-06T10:36:17.111Z - [INFO   ] - Listening at port 3000
2022-09-06T10:36:17.184Z - [INFO   ] - Connection successful
2022-09-06T10:36:31.483Z - [INFO   ] - Listening at port 3000
2022-09-06T10:36:31.543Z - [INFO   ] - Connection successful
2022-09-06T10:36:52.317Z - [INFO   ] - Listening at port 3000
2022-09-06T10:36:52.383Z - [INFO   ] - Connection successful
2022-09-06T10:37:01.588Z - [INFO   ] - User created successfully
2022-09-06T10:37:04.716Z - [INFO   ] - User signed in successfully
2022-09-06T10:37:07.478Z - [INFO   ] - List created successfully
2022-09-06T10:37:41.598Z - [INFO   ] - Item created successfully
2022-09-06T10:38:11.138Z - [INFO   ] - Listening at port 3000
2022-09-06T10:38:11.192Z - [INFO   ] - Connection successful
2022-09-06T10:38:24.528Z - [INFO   ] - Listening at port 3000
2022-09-06T10:38:24.571Z - [INFO   ] - Connection successful
2022-09-06T10:38:29.336Z - [INFO   ] - User created successfully
2022-09-06T10:38:32.387Z - [INFO   ] - User signed in successfully
2022-09-06T10:38:34.772Z - [INFO   ] - List created successfully
2022-09-06T10:39:10.520Z - [INFO   ] - Listening at port 3000
2022-09-06T10:39:10.573Z - [INFO   ] - Connection successful
2022-09-06T10:39:25.154Z - [INFO   ] - Listening at port 3000
2022-09-06T10:39:25.194Z - [INFO   ] - Connection successful
2022-09-06T10:39:53.075Z - [INFO   ] - Listening at port 3000
2022-09-06T10:39:53.144Z - [INFO   ] - Connection successful
2022-09-06T10:39:58.556Z - [INFO   ] - User created successfully
2022-09-06T10:40:01.865Z - [INFO   ] - User signed in successfully
2022-09-06T10:40:04.616Z - [INFO   ] - List created successfully
2022-09-06T10:40:06.765Z - [INFO   ] - Item created successfully
2022-09-06T10:40:32.454Z - [INFO   ] - Item created successfully
2022-09-06T10:41:01.239Z - [INFO   ] - Listening at port 3000
2022-09-06T10:41:01.284Z - [INFO   ] - Connection successful
2022-09-06T10:41:31.535Z - [INFO   ] - Listening at port 3000
2022-09-06T10:41:31.604Z - [INFO   ] - Connection successful
2022-09-06T10:41:34.391Z - [INFO   ] - User signed in successfully
2022-09-06T10:41:36.527Z - [INFO   ] - Item created successfully
2022-09-06T10:42:05.161Z - [INFO   ] - Item created successfully
2022-09-06T10:43:03.211Z - [INFO   ] - User created successfully
2022-09-06T10:43:14.674Z - [INFO   ] - User signed in successfully
2022-09-06T10:43:21.616Z - [INFO   ] - List created successfully
2022-09-06T10:43:34.455Z - [INFO   ] - Item created successfully
2022-09-06T11:07:09.174Z - [INFO   ] - Listening at port 3000
2022-09-06T11:07:09.313Z - [INFO   ] - Connection successful
2022-09-06T11:07:16.768Z - [INFO   ] - Listening at port 3000
2022-09-06T11:07:16.811Z - [INFO   ] - Connection successful
2022-09-06T11:07:43.131Z - [INFO   ] - User signed in successfully
2022-09-06T11:08:25.153Z - [INFO   ] - Listening at port 3000
2022-09-06T11:08:25.212Z - [INFO   ] - Connection successful
2022-09-06T11:08:28.855Z - [INFO   ] - User signed in successfully
2022-09-06T11:11:14.858Z - [INFO   ] - Listening at port 3000
2022-09-06T11:11:14.915Z - [INFO   ] - Connection successful
2022-09-06T11:11:35.448Z - [INFO   ] - Listening at port 3000
2022-09-06T11:11:35.525Z - [INFO   ] - Connection successful
2022-09-06T11:11:39.186Z - [INFO   ] - User signed in successfully
2022-09-06T11:12:09.257Z - [INFO   ] - Listening at port 3000
2022-09-06T11:12:09.301Z - [INFO   ] - Connection successful
2022-09-06T11:12:29.375Z - [INFO   ] - Listening at port 3000
2022-09-06T11:12:29.501Z - [INFO   ] - Connection successful
2022-09-06T11:12:36.528Z - [INFO   ] - User signed in successfully
2022-09-06T11:13:30.175Z - [INFO   ] - Listening at port 3000
2022-09-06T11:13:30.262Z - [INFO   ] - Connection successful
2022-09-06T11:13:45.458Z - [INFO   ] - Listening at port 3000
2022-09-06T11:13:45.519Z - [INFO   ] - Connection successful
2022-09-06T11:15:38.231Z - [INFO   ] - Listening at port 3000
2022-09-06T11:15:38.283Z - [INFO   ] - Connection successful
2022-09-06T11:16:28.092Z - [INFO   ] - Listening at port 3000
2022-09-06T11:16:28.183Z - [INFO   ] - Connection successful
2022-09-06T11:17:00.867Z - [INFO   ] - Listening at port 3000
2022-09-06T11:17:00.923Z - [INFO   ] - Connection successful
2022-09-06T11:17:04.597Z - [INFO   ] - User signed in successfully
2022-09-06T11:17:21.835Z - [INFO   ] - Listening at port 3000
2022-09-06T11:17:21.908Z - [INFO   ] - Connection successful
2022-09-06T11:17:25.773Z - [INFO   ] - User signed in successfully
2022-09-06T11:18:45.256Z - [INFO   ] - Listening at port 3000
2022-09-06T11:18:45.336Z - [INFO   ] - Connection successful
2022-09-06T11:18:54.837Z - [INFO   ] - User signed in successfully
2022-09-06T11:19:26.889Z - [INFO   ] - Listening at port 3000
2022-09-06T11:19:26.961Z - [INFO   ] - Connection successful
2022-09-06T11:19:32.185Z - [INFO   ] - User signed in successfully
2022-09-06T11:19:49.885Z - [INFO   ] - List not created successfully
2022-09-06T11:19:55.281Z - [INFO   ] - Item created successfully
2022-09-06T11:19:56.585Z - [INFO   ] - Item created successfully
2022-09-06T11:19:57.456Z - [INFO   ] - Item created successfully
2022-09-06T11:19:58.161Z - [INFO   ] - Item created successfully
2022-09-06T11:19:58.882Z - [INFO   ] - Item created successfully
2022-09-06T11:19:59.559Z - [INFO   ] - Item created successfully
2022-09-06T11:28:05.280Z - [INFO   ] - Listening at port 3000
2022-09-06T11:28:05.381Z - [INFO   ] - Connection successful
2022-09-06T11:28:07.340Z - [INFO   ] - Listening at port 3000
2022-09-06T11:28:07.434Z - [INFO   ] - Connection successful
2022-09-06T11:28:09.084Z - [INFO   ] - Listening at port 3000
2022-09-06T11:28:09.135Z - [INFO   ] - Connection successful
2022-09-06T11:28:17.854Z - [INFO   ] - Listening at port 3000
2022-09-06T11:28:17.921Z - [INFO   ] - Connection successful
2022-09-07T05:02:47.892Z - [INFO   ] - Listening at port 3000
2022-09-07T05:02:47.967Z - [INFO   ] - Connection successful
2022-09-07T05:03:51.700Z - [INFO   ] - User signed in successfully
2022-09-07T05:03:55.044Z - [INFO   ] - List not created successfully
2022-09-07T05:04:01.865Z - [INFO   ] - Item created successfully
2022-09-07T05:04:02.925Z - [INFO   ] - Item created successfully
2022-09-07T05:04:03.799Z - [INFO   ] - Item created successfully
2022-09-07T05:04:04.788Z - [INFO   ] - Item created successfully
2022-09-07T05:04:05.737Z - [INFO   ] - Item created successfully
2022-09-07T05:04:43.300Z - [INFO   ] - Listening at port 3000
2022-09-07T05:04:43.373Z - [INFO   ] - Connection successful
2022-09-07T05:04:51.866Z - [INFO   ] - Listening at port 3000
2022-09-07T05:04:51.924Z - [INFO   ] - Connection successful
2022-09-07T05:04:53.297Z - [INFO   ] - User signed in successfully
2022-09-07T05:05:46.740Z - [INFO   ] - Listening at port 3000
2022-09-07T05:05:46.791Z - [INFO   ] - Connection successful
2022-09-07T05:05:49.025Z - [INFO   ] - User signed in successfully
2022-09-07T05:06:31.872Z - [INFO   ] - User created successfully
2022-09-07T05:06:46.625Z - [INFO   ] - User signed in successfully
2022-09-07T05:06:49.632Z - [INFO   ] - List created successfully
2022-09-07T05:07:07.252Z - [INFO   ] - Item created successfully
2022-09-07T05:07:08.220Z - [INFO   ] - Item created successfully
2022-09-07T05:07:09.084Z - [INFO   ] - Item created successfully
2022-09-07T05:07:09.871Z - [INFO   ] - Item created successfully
2022-09-07T05:07:10.727Z - [INFO   ] - Item created successfully
2022-09-07T05:14:01.024Z - [INFO   ] - Listening at port 3000
2022-09-07T05:14:01.144Z - [INFO   ] - Connection successful
2022-09-07T05:14:11.590Z - [INFO   ] - Listening at port 3000
2022-09-07T05:14:11.647Z - [INFO   ] - Connection successful
2022-09-07T05:14:16.609Z - [INFO   ] - Listening at port 3000
2022-09-07T05:14:16.711Z - [INFO   ] - Connection successful
2022-09-07T05:14:35.928Z - [INFO   ] - User signed in successfully
2022-09-07T05:16:07.154Z - [INFO   ] - Listening at port 3000
2022-09-07T05:16:07.279Z - [INFO   ] - Connection successful
2022-09-07T05:16:23.469Z - [INFO   ] - Listening at port 3000
2022-09-07T05:16:23.577Z - [INFO   ] - Connection successful
2022-09-07T05:16:27.426Z - [INFO   ] - User signed in successfully
2022-09-07T05:21:13.878Z - [INFO   ] - Listening at port 3000
2022-09-07T05:21:13.953Z - [INFO   ] - Connection successful
2022-09-07T05:24:19.605Z - [INFO   ] - Listening at port 3000
2022-09-07T05:24:19.697Z - [INFO   ] - Connection successful
2022-09-07T05:24:49.230Z - [INFO   ] - Listening at port 3000
2022-09-07T05:24:49.276Z - [INFO   ] - Connection successful
2022-09-07T05:25:04.180Z - [INFO   ] - Listening at port 3000
2022-09-07T05:25:04.230Z - [INFO   ] - Connection successful
2022-09-07T05:25:35.431Z - [INFO   ] - User signed in successfully
2022-09-07T05:26:11.369Z - [INFO   ] - Listening at port 3000
2022-09-07T05:26:11.460Z - [INFO   ] - Connection successful
2022-09-07T05:26:14.215Z - [INFO   ] - User signed in successfully
2022-09-07T05:26:53.276Z - [INFO   ] - Listening at port 3000
2022-09-07T05:26:53.374Z - [INFO   ] - Connection successful
2022-09-07T05:27:00.469Z - [INFO   ] - Listening at port 3000
2022-09-07T05:27:00.533Z - [INFO   ] - Connection successful
2022-09-07T05:27:01.648Z - [INFO   ] - User signed in successfully
2022-09-07T05:28:25.439Z - [INFO   ] - Listening at port 3000
2022-09-07T05:28:25.550Z - [INFO   ] - Connection successful
2022-09-07T05:28:29.974Z - [INFO   ] - User signed in successfully
2022-09-07T05:30:59.536Z - [INFO   ] - Listening at port 3000
2022-09-07T05:30:59.586Z - [INFO   ] - Connection successful
2022-09-07T05:31:06.150Z - [INFO   ] - User signed in successfully
2022-09-07T05:31:18.731Z - [INFO   ] - Item created successfully
2022-09-07T05:31:19.677Z - [INFO   ] - Item created successfully
2022-09-07T05:34:51.247Z - [INFO   ] - Listening at port 3000
2022-09-07T05:34:51.311Z - [INFO   ] - Connection successful
2022-09-07T05:34:56.138Z - [INFO   ] - User signed in successfully
2022-09-07T05:35:14.968Z - [INFO   ] - Listening at port 3000
2022-09-07T05:35:15.022Z - [INFO   ] - Connection successful
2022-09-07T05:35:24.088Z - [INFO   ] - Listening at port 3000
2022-09-07T05:35:24.155Z - [INFO   ] - Connection successful
2022-09-07T05:35:26.840Z - [INFO   ] - User signed in successfully
2022-09-07T05:35:40.094Z - [INFO   ] - Listening at port 3000
2022-09-07T05:35:40.174Z - [INFO   ] - Connection successful
2022-09-07T05:35:41.781Z - [INFO   ] - User signed in successfully
2022-09-07T05:36:02.746Z - [INFO   ] - Listening at port 3000
2022-09-07T05:36:02.794Z - [INFO   ] - Connection successful
2022-09-07T05:37:15.414Z - [INFO   ] - Listening at port 3000
2022-09-07T05:37:15.495Z - [INFO   ] - Connection successful
2022-09-07T05:37:17.695Z - [INFO   ] - User signed in successfully
2022-09-07T05:37:33.990Z - [INFO   ] - Listening at port 3000
2022-09-07T05:37:34.044Z - [INFO   ] - Connection successful
2022-09-07T05:37:36.272Z - [INFO   ] - User signed in successfully
2022-09-07T05:38:22.424Z - [INFO   ] - Listening at port 3000
2022-09-07T05:38:22.501Z - [INFO   ] - Connection successful
2022-09-07T05:38:26.548Z - [INFO   ] - User signed in successfully
2022-09-07T05:56:12.817Z - [INFO   ] - Listening at port 3000
2022-09-07T05:56:12.871Z - [INFO   ] - Connection successful
2022-09-07T05:56:14.562Z - [INFO   ] - Listening at port 3000
2022-09-07T05:56:14.656Z - [INFO   ] - Connection successful
2022-09-07T05:56:38.609Z - [INFO   ] - User signed in successfully
2022-09-07T05:58:12.600Z - [INFO   ] - Listening at port 3000
2022-09-07T05:58:12.659Z - [INFO   ] - Connection successful
2022-09-07T05:58:17.799Z - [INFO   ] - User signed in successfully
2022-09-07T05:58:31.452Z - [INFO   ] - Listening at port 3000
2022-09-07T05:58:31.534Z - [INFO   ] - Connection successful
2022-09-07T05:58:33.934Z - [INFO   ] - User signed in successfully
2022-09-07T05:58:59.615Z - [INFO   ] - Listening at port 3000
2022-09-07T05:58:59.666Z - [INFO   ] - Connection successful
2022-09-07T05:59:03.458Z - [INFO   ] - User signed in successfully
2022-09-07T05:59:21.422Z - [INFO   ] - Listening at port 3000
2022-09-07T05:59:21.479Z - [INFO   ] - Connection successful
2022-09-07T05:59:24.938Z - [INFO   ] - User signed in successfully
2022-09-07T05:59:42.936Z - [INFO   ] - Listening at port 3000
2022-09-07T05:59:43.013Z - [INFO   ] - Connection successful
2022-09-07T05:59:44.944Z - [INFO   ] - User signed in successfully
2022-09-07T06:00:15.310Z - [INFO   ] - Listening at port 3000
2022-09-07T06:00:15.369Z - [INFO   ] - Connection successful
2022-09-07T06:00:18.191Z - [INFO   ] - User signed in successfully
2022-09-07T06:03:13.417Z - [INFO   ] - Listening at port 3000
2022-09-07T06:03:13.467Z - [INFO   ] - Connection successful
2022-09-07T06:03:19.685Z - [INFO   ] - User signed in successfully
2022-09-07T06:06:36.140Z - [INFO   ] - Listening at port 3000
2022-09-07T06:06:36.220Z - [INFO   ] - Connection successful
2022-09-07T06:06:44.806Z - [INFO   ] - Listening at port 3000
2022-09-07T06:06:44.936Z - [INFO   ] - Connection successful
2022-09-07T06:06:51.190Z - [INFO   ] - User signed in successfully
2022-09-07T06:07:25.131Z - [INFO   ] - Listening at port 3000
2022-09-07T06:07:25.189Z - [INFO   ] - Connection successful
2022-09-07T06:07:29.588Z - [INFO   ] - User signed in successfully
2022-09-07T06:07:42.590Z - [INFO   ] - Listening at port 3000
2022-09-07T06:07:42.651Z - [INFO   ] - Connection successful
2022-09-07T06:07:45.158Z - [INFO   ] - User signed in successfully
2022-09-07T06:08:14.571Z - [INFO   ] - Listening at port 3000
2022-09-07T06:08:14.664Z - [INFO   ] - Connection successful
2022-09-07T06:08:17.899Z - [INFO   ] - User signed in successfully
2022-09-07T06:09:28.842Z - [INFO   ] - Listening at port 3000
2022-09-07T06:09:28.891Z - [INFO   ] - Connection successful
2022-09-07T06:09:40.360Z - [INFO   ] - Listening at port 3000
2022-09-07T06:09:40.459Z - [INFO   ] - Connection successful
2022-09-07T06:09:48.619Z - [INFO   ] - User signed in successfully
2022-09-07T06:10:59.627Z - [INFO   ] - Listening at port 3000
2022-09-07T06:10:59.690Z - [INFO   ] - Connection successful
2022-09-07T06:11:04.742Z - [INFO   ] - User signed in successfully
2022-09-07T06:11:30.937Z - [INFO   ] - Listening at port 3000
2022-09-07T06:11:30.999Z - [INFO   ] - Connection successful
2022-09-07T06:11:33.453Z - [INFO   ] - Listening at port 3000
2022-09-07T06:11:33.512Z - [INFO   ] - Connection successful
2022-09-07T06:11:35.793Z - [INFO   ] - User signed in successfully
2022-09-07T06:12:01.738Z - [INFO   ] - Listening at port 3000
2022-09-07T06:12:01.844Z - [INFO   ] - Connection successful
2022-09-07T06:12:10.579Z - [INFO   ] - User signed in successfully
2022-09-07T06:14:35.000Z - [INFO   ] - Listening at port 3000
2022-09-07T06:14:35.060Z - [INFO   ] - Connection successful
2022-09-07T06:14:37.159Z - [INFO   ] - Listening at port 3000
2022-09-07T06:14:37.222Z - [INFO   ] - Connection successful
2022-09-07T06:14:51.893Z - [INFO   ] - Listening at port 3000
2022-09-07T06:14:51.960Z - [INFO   ] - Connection successful
2022-09-07T06:20:23.074Z - [INFO   ] - Listening at port 3000
2022-09-07T06:20:23.122Z - [INFO   ] - Connection successful
2022-09-07T06:20:28.077Z - [INFO   ] - User signed in successfully
2022-09-07T06:21:30.282Z - [INFO   ] - Listening at port 3000
2022-09-07T06:21:30.393Z - [INFO   ] - Connection successful
2022-09-07T06:21:34.094Z - [INFO   ] - User signed in successfully
2022-09-07T06:25:27.469Z - [INFO   ] - User signed in successfully
2022-09-07T09:08:24.816Z - [INFO   ] - Listening at port 3000
2022-09-07T09:08:24.907Z - [INFO   ] - Connection successful
2022-09-07T09:08:51.348Z - [INFO   ] - Listening at port 3000
2022-09-07T09:08:51.387Z - [INFO   ] - Connection successful
2022-09-07T09:08:57.998Z - [INFO   ] - User signed in successfully
2022-09-07T09:21:20.917Z - [INFO   ] - Listening at port 3000
2022-09-07T09:21:20.979Z - [INFO   ] - Connection successful
2022-09-07T09:21:26.451Z - [INFO   ] - User signed in successfully
2022-09-07T09:22:51.512Z - [INFO   ] - Listening at port 3000
2022-09-07T09:22:51.609Z - [INFO   ] - Connection successful
2022-09-07T09:22:54.757Z - [INFO   ] - User signed in successfully
2022-09-07T09:24:22.340Z - [INFO   ] - Listening at port 3000
2022-09-07T09:24:22.403Z - [INFO   ] - Connection successful
2022-09-07T09:24:26.722Z - [INFO   ] - User signed in successfully
2022-09-07T09:25:02.018Z - [INFO   ] - Listening at port 3000
2022-09-07T09:25:02.083Z - [INFO   ] - Connection successful
2022-09-07T09:25:06.234Z - [INFO   ] - User signed in successfully
2022-09-07T09:25:17.128Z - [INFO   ] - User signed in successfully
2022-09-07T09:26:10.375Z - [INFO   ] - Listening at port 3000
2022-09-07T09:26:10.436Z - [INFO   ] - Connection successful
2022-09-07T09:26:16.980Z - [INFO   ] - User signed in successfully
2022-09-07T09:27:58.172Z - [INFO   ] - Listening at port 3000
2022-09-07T09:27:58.261Z - [INFO   ] - Connection successful
2022-09-07T09:28:02.584Z - [INFO   ] - User signed in successfully
2022-09-07T09:28:23.667Z - [INFO   ] - Listening at port 3000
2022-09-07T09:28:23.764Z - [INFO   ] - Connection successful
2022-09-07T09:28:26.543Z - [INFO   ] - User signed in successfully
2022-09-07T09:31:27.245Z - [INFO   ] - Listening at port 3000
2022-09-07T09:31:27.288Z - [INFO   ] - Connection successful
2022-09-07T09:31:38.036Z - [INFO   ] - User signed in successfully
2022-09-07T09:32:57.464Z - [INFO   ] - Listening at port 3000
2022-09-07T09:32:57.504Z - [INFO   ] - Connection successful
2022-09-07T09:32:59.334Z - [INFO   ] - Listening at port 3000
2022-09-07T09:32:59.411Z - [INFO   ] - Connection successful
2022-09-07T09:33:02.609Z - [INFO   ] - User signed in successfully
2022-09-07T09:33:33.825Z - [INFO   ] - Listening at port 3000
2022-09-07T09:33:33.887Z - [INFO   ] - Connection successful
2022-09-07T09:33:36.176Z - [INFO   ] - User signed in successfully
2022-09-07T09:33:51.720Z - [INFO   ] - Listening at port 3000
2022-09-07T09:33:51.819Z - [INFO   ] - Connection successful
2022-09-07T09:33:54.698Z - [INFO   ] - User signed in successfully
2022-09-07T09:36:49.274Z - [INFO   ] - Listening at port 3000
2022-09-07T09:36:49.336Z - [INFO   ] - Connection successful
2022-09-07T09:36:52.903Z - [INFO   ] - User signed in successfully
2022-09-07T09:38:34.601Z - [INFO   ] - Listening at port 3000
2022-09-07T09:38:34.658Z - [INFO   ] - Connection successful
2022-09-07T09:38:38.985Z - [INFO   ] - User signed in successfully
2022-09-07T09:39:14.594Z - [INFO   ] - Listening at port 3000
2022-09-07T09:39:14.657Z - [INFO   ] - Connection successful
2022-09-07T09:39:18.255Z - [INFO   ] - User signed in successfully
2022-09-07T09:40:34.184Z - [INFO   ] - Listening at port 3000
2022-09-07T09:40:34.226Z - [INFO   ] - Connection successful
2022-09-07T09:40:38.053Z - [INFO   ] - User signed in successfully
2022-09-07T09:41:03.172Z - [INFO   ] - Listening at port 3000
2022-09-07T09:41:03.254Z - [INFO   ] - Connection successful
2022-09-07T09:41:06.542Z - [INFO   ] - User signed in successfully
2022-09-07T09:41:43.821Z - [INFO   ] - Listening at port 3000
2022-09-07T09:41:43.866Z - [INFO   ] - Connection successful
2022-09-07T09:41:59.323Z - [INFO   ] - Listening at port 3000
2022-09-07T09:41:59.380Z - [INFO   ] - Connection successful
2022-09-07T09:42:02.652Z - [INFO   ] - User signed in successfully
2022-09-07T09:42:13.808Z - [INFO   ] - Listening at port 3000
2022-09-07T09:42:13.857Z - [INFO   ] - Connection successful
2022-09-07T09:42:16.173Z - [INFO   ] - User signed in successfully
2022-09-07T09:42:25.278Z - [INFO   ] - Listening at port 3000
2022-09-07T09:42:25.335Z - [INFO   ] - Connection successful
2022-09-07T09:42:27.843Z - [INFO   ] - User signed in successfully
2022-09-07T09:43:27.238Z - [INFO   ] - Listening at port 3000
2022-09-07T09:43:27.295Z - [INFO   ] - Connection successful
2022-09-07T09:43:32.965Z - [INFO   ] - User signed in successfully
2022-09-07T09:43:56.384Z - [INFO   ] - Listening at port 3000
2022-09-07T09:43:56.443Z - [INFO   ] - Connection successful
2022-09-07T09:43:58.229Z - [INFO   ] - User signed in successfully
2022-09-07T09:44:15.433Z - [INFO   ] - Listening at port 3000
2022-09-07T09:44:15.511Z - [INFO   ] - Connection successful
2022-09-07T09:44:18.035Z - [INFO   ] - User signed in successfully
2022-09-07T09:44:45.577Z - [INFO   ] - Listening at port 3000
2022-09-07T09:44:45.652Z - [INFO   ] - Connection successful
2022-09-07T09:44:47.950Z - [INFO   ] - User signed in successfully
2022-09-07T09:45:00.706Z - [INFO   ] - Listening at port 3000
2022-09-07T09:45:00.755Z - [INFO   ] - Connection successful
2022-09-07T09:45:20.432Z - [INFO   ] - Listening at port 3000
2022-09-07T09:45:20.500Z - [INFO   ] - Connection successful
2022-09-07T09:45:23.824Z - [INFO   ] - User signed in successfully
2022-09-07T09:47:59.417Z - [INFO   ] - Listening at port 3000
2022-09-07T09:47:59.493Z - [INFO   ] - Connection successful
2022-09-07T09:54:39.390Z - [INFO   ] - Listening at port 3000
2022-09-07T09:54:39.432Z - [INFO   ] - Connection successful
2022-09-07T09:54:42.247Z - [INFO   ] - Listening at port 3000
2022-09-07T09:54:42.308Z - [INFO   ] - Connection successful
2022-09-07T09:54:44.682Z - [INFO   ] - User signed in successfully
2022-09-07T09:55:36.159Z - [INFO   ] - Listening at port 3000
2022-09-07T09:55:36.217Z - [INFO   ] - Connection successful
2022-09-07T09:55:41.108Z - [INFO   ] - User signed in successfully
2022-09-07T10:02:59.582Z - [INFO   ] - Listening at port 3000
2022-09-07T10:02:59.647Z - [INFO   ] - Connection successful
2022-09-07T10:03:05.101Z - [INFO   ] - User signed in successfully
2022-09-07T10:03:40.092Z - [INFO   ] - Listening at port 3000
2022-09-07T10:03:40.162Z - [INFO   ] - Connection successful
2022-09-07T10:03:42.754Z - [INFO   ] - User signed in successfully
2022-09-07T10:05:09.231Z - [INFO   ] - Listening at port 3000
2022-09-07T10:05:09.291Z - [INFO   ] - Connection successful
2022-09-07T10:05:11.100Z - [INFO   ] - User signed in successfully
2022-09-07T10:05:23.965Z - [INFO   ] - Listening at port 3000
2022-09-07T10:05:24.008Z - [INFO   ] - Connection successful
2022-09-07T10:05:25.721Z - [INFO   ] - User signed in successfully
2022-09-07T10:05:58.623Z - [INFO   ] - Listening at port 3000
2022-09-07T10:05:58.667Z - [INFO   ] - Connection successful
2022-09-07T10:06:01.602Z - [INFO   ] - User signed in successfully
2022-09-07T10:06:42.799Z - [INFO   ] - Listening at port 3000
2022-09-07T10:06:42.899Z - [INFO   ] - Connection successful
2022-09-07T10:06:45.490Z - [INFO   ] - User signed in successfully
2022-09-07T10:07:05.614Z - [INFO   ] - Listening at port 3000
2022-09-07T10:07:05.695Z - [INFO   ] - Connection successful
2022-09-07T10:07:09.653Z - [INFO   ] - User signed in successfully
2022-09-07T10:07:25.753Z - [INFO   ] - Listening at port 3000
2022-09-07T10:07:25.819Z - [INFO   ] - Connection successful
2022-09-07T10:07:28.412Z - [INFO   ] - User signed in successfully
2022-09-07T10:07:52.084Z - [INFO   ] - Listening at port 3000
2022-09-07T10:07:52.121Z - [INFO   ] - Connection successful
2022-09-07T10:07:55.259Z - [INFO   ] - User signed in successfully
2022-09-07T10:08:28.551Z - [INFO   ] - Listening at port 3000
2022-09-07T10:08:28.620Z - [INFO   ] - Connection successful
2022-09-07T10:08:31.267Z - [INFO   ] - User signed in successfully
2022-09-07T10:08:40.463Z - [INFO   ] - Listening at port 3000
2022-09-07T10:08:40.507Z - [INFO   ] - Connection successful
2022-09-07T10:08:42.840Z - [INFO   ] - User signed in successfully
2022-09-07T10:09:00.749Z - [INFO   ] - Listening at port 3000
2022-09-07T10:09:00.837Z - [INFO   ] - Connection successful
2022-09-07T10:09:02.972Z - [INFO   ] - User signed in successfully
2022-09-07T10:09:24.669Z - [INFO   ] - Listening at port 3000
2022-09-07T10:09:24.713Z - [INFO   ] - Connection successful
2022-09-07T10:09:41.970Z - [INFO   ] - Listening at port 3000
2022-09-07T10:09:42.026Z - [INFO   ] - Connection successful
2022-09-07T10:09:44.919Z - [INFO   ] - User signed in successfully
2022-09-07T10:10:38.932Z - [INFO   ] - Listening at port 3000
2022-09-07T10:10:38.999Z - [INFO   ] - Connection successful
2022-09-07T10:10:44.200Z - [INFO   ] - User signed in successfully
2022-09-07T10:11:30.092Z - [INFO   ] - Listening at port 3000
2022-09-07T10:11:30.152Z - [INFO   ] - Connection successful
2022-09-07T10:11:33.111Z - [INFO   ] - User signed in successfully
2022-09-07T10:19:57.304Z - [INFO   ] - Listening at port 3000
2022-09-07T10:19:57.391Z - [INFO   ] - Connection successful
2022-09-07T10:20:00.593Z - [INFO   ] - Listening at port 3000
2022-09-07T10:20:00.634Z - [INFO   ] - Connection successful
2022-09-07T10:20:01.914Z - [INFO   ] - Listening at port 3000
2022-09-07T10:20:01.961Z - [INFO   ] - Connection successful
2022-09-07T10:20:36.554Z - [INFO   ] - Listening at port 3000
2022-09-07T10:20:36.596Z - [INFO   ] - Connection successful
2022-09-07T10:20:44.788Z - [INFO   ] - User signed in successfully
2022-09-07T10:20:57.591Z - [INFO   ] - Listening at port 3000
2022-09-07T10:20:57.650Z - [INFO   ] - Connection successful
2022-09-07T10:20:59.154Z - [INFO   ] - User signed in successfully
2022-09-07T10:25:07.094Z - [INFO   ] - Listening at port 3000
2022-09-07T10:25:07.155Z - [INFO   ] - Connection successful
2022-09-07T10:25:14.811Z - [INFO   ] - User signed in successfully
2022-09-07T10:25:42.754Z - [INFO   ] - Listening at port 3000
2022-09-07T10:25:42.817Z - [INFO   ] - Connection successful
2022-09-07T10:25:45.152Z - [INFO   ] - User signed in successfully
2022-09-07T10:28:45.701Z - [INFO   ] - Listening at port 3000
2022-09-07T10:28:45.753Z - [INFO   ] - Connection successful
2022-09-07T10:28:50.014Z - [INFO   ] - User signed in successfully
2022-09-07T10:29:06.515Z - [INFO   ] - Listening at port 3000
2022-09-07T10:29:06.566Z - [INFO   ] - Connection successful
2022-09-07T10:29:09.394Z - [INFO   ] - User signed in successfully
2022-09-07T10:30:10.330Z - [INFO   ] - Listening at port 3000
2022-09-07T10:30:10.414Z - [INFO   ] - Connection successful
2022-09-07T10:30:13.478Z - [INFO   ] - User signed in successfully
2022-09-07T10:30:28.588Z - [INFO   ] - Listening at port 3000
2022-09-07T10:30:28.645Z - [INFO   ] - Connection successful
2022-09-07T10:30:29.524Z - [INFO   ] - Listening at port 3000
2022-09-07T10:30:29.581Z - [INFO   ] - Connection successful
2022-09-07T10:30:31.657Z - [INFO   ] - User signed in successfully
2022-09-07T10:30:51.234Z - [INFO   ] - Listening at port 3000
2022-09-07T10:30:51.351Z - [INFO   ] - Connection successful
2022-09-07T10:30:53.446Z - [INFO   ] - User signed in successfully
2022-09-07T11:14:11.329Z - [INFO   ] - Listening at port 3000
2022-09-07T11:14:11.454Z - [INFO   ] - Connection successful
2022-09-07T11:14:25.649Z - [INFO   ] - Listening at port 3000
2022-09-07T11:14:25.712Z - [INFO   ] - Connection successful
2022-09-07T11:14:30.293Z - [INFO   ] - User signed in successfully
2022-09-07T11:14:56.575Z - [INFO   ] - Listening at port 3000
2022-09-07T11:14:56.678Z - [INFO   ] - Connection successful
2022-09-07T11:14:59.035Z - [INFO   ] - User signed in successfully
2022-09-07T11:15:41.175Z - [INFO   ] - Listening at port 3000
2022-09-07T11:15:41.283Z - [INFO   ] - Connection successful
2022-09-07T11:15:44.593Z - [INFO   ] - User signed in successfully
2022-09-08T05:12:06.575Z - [INFO   ] - Listening at port 3000
2022-09-08T05:12:06.711Z - [INFO   ] - Connection successful
2022-09-08T05:12:08.318Z - [INFO   ] - Listening at port 3000
2022-09-08T05:12:08.406Z - [INFO   ] - Connection successful
2022-09-08T05:12:12.923Z - [INFO   ] - User signed in successfully
2022-09-08T05:12:51.342Z - [INFO   ] - Listening at port 3000
2022-09-08T05:12:51.423Z - [INFO   ] - Connection successful
2022-09-08T05:12:53.504Z - [INFO   ] - User signed in successfully
2022-09-08T05:13:19.510Z - [INFO   ] - Listening at port 3000
2022-09-08T05:13:19.636Z - [INFO   ] - Connection successful
2022-09-08T05:13:21.267Z - [INFO   ] - User signed in successfully
2022-09-08T05:13:54.902Z - [INFO   ] - Listening at port 3000
2022-09-08T05:13:54.991Z - [INFO   ] - Connection successful
2022-09-08T05:13:57.236Z - [INFO   ] - User signed in successfully
2022-09-08T05:19:44.926Z - [INFO   ] - Listening at port 3000
2022-09-08T05:19:45.048Z - [INFO   ] - Connection successful
2022-09-08T05:19:48.071Z - [INFO   ] - User signed in successfully
2022-09-08T05:20:11.852Z - [INFO   ] - Listening at port 3000
2022-09-08T05:20:11.924Z - [INFO   ] - Connection successful
2022-09-08T05:20:15.065Z - [INFO   ] - User signed in successfully
2022-09-08T05:22:27.125Z - [INFO   ] - Listening at port 3000
2022-09-08T05:22:27.246Z - [INFO   ] - Connection successful
2022-09-08T05:22:31.242Z - [INFO   ] - User signed in successfully
2022-09-08T05:23:19.755Z - [INFO   ] - Listening at port 3000
2022-09-08T05:23:19.826Z - [INFO   ] - Connection successful
2022-09-08T05:23:24.691Z - [INFO   ] - User signed in successfully
2022-09-08T05:25:15.795Z - [INFO   ] - Listening at port 3000
2022-09-08T05:25:15.908Z - [INFO   ] - Connection successful
2022-09-08T05:25:19.610Z - [INFO   ] - User signed in successfully
2022-09-08T05:32:46.275Z - [INFO   ] - Listening at port 3000
2022-09-08T05:32:46.367Z - [INFO   ] - Connection successful
2022-09-08T05:32:49.349Z - [INFO   ] - User signed in successfully
2022-09-08T05:33:05.705Z - [INFO   ] - Listening at port 3000
2022-09-08T05:33:05.790Z - [INFO   ] - Connection successful
2022-09-08T05:33:08.208Z - [INFO   ] - User signed in successfully
2022-09-08T05:37:33.870Z - [INFO   ] - Listening at port 3000
2022-09-08T05:37:33.918Z - [INFO   ] - Connection successful
2022-09-08T05:37:35.764Z - [INFO   ] - User created successfully
2022-09-08T05:37:40.813Z - [INFO   ] - User signed in successfully
2022-09-08T05:37:43.232Z - [INFO   ] - List created successfully
2022-09-08T05:37:52.054Z - [INFO   ] - Item created successfully
2022-09-08T05:37:56.730Z - [INFO   ] - Item created successfully
2022-09-08T05:38:00.817Z - [INFO   ] - Item created successfully
2022-09-08T05:38:05.316Z - [INFO   ] - Item created successfully
2022-09-08T05:38:09.818Z - [INFO   ] - Item created successfully
2022-09-08T05:38:14.880Z - [INFO   ] - Item created successfully
2022-09-08T06:00:14.082Z - [INFO   ] - Listening at port 3000
2022-09-08T06:00:14.191Z - [INFO   ] - Connection successful
2022-09-08T06:00:16.972Z - [INFO   ] - User signed in successfully
2022-09-08T06:01:39.135Z - [INFO   ] - Listening at port 3000
2022-09-08T06:01:39.211Z - [INFO   ] - Connection successful
2022-09-08T06:01:42.866Z - [INFO   ] - User signed in successfully
2022-09-08T06:03:25.235Z - [INFO   ] - Listening at port 3000
2022-09-08T06:03:25.352Z - [INFO   ] - Connection successful
2022-09-08T06:03:28.593Z - [INFO   ] - User signed in successfully
2022-09-08T06:04:19.501Z - [INFO   ] - Listening at port 3000
2022-09-08T06:04:19.561Z - [INFO   ] - Connection successful
2022-09-08T06:04:23.011Z - [INFO   ] - User signed in successfully
2022-09-08T06:37:09.697Z - [INFO   ] - Listening at port 3000
2022-09-08T06:37:09.814Z - [INFO   ] - Connection successful
2022-09-08T06:37:37.243Z - [INFO   ] - Listening at port 3000
2022-09-08T06:37:37.287Z - [INFO   ] - Connection successful
2022-09-08T06:37:46.498Z - [INFO   ] - Listening at port 3000
2022-09-08T06:37:46.567Z - [INFO   ] - Connection successful
2022-09-08T06:39:22.325Z - [INFO   ] - Listening at port 3000
2022-09-08T06:39:22.386Z - [INFO   ] - Connection successful
2022-09-08T06:59:51.314Z - [INFO   ] - Listening at port 3000
2022-09-08T06:59:51.392Z - [INFO   ] - Connection successful
2022-09-08T07:01:23.400Z - [INFO   ] - Listening at port 3000
2022-09-08T07:01:23.480Z - [INFO   ] - Connection successful
2022-09-08T07:02:18.797Z - [INFO   ] - Listening at port 3000
2022-09-08T07:02:18.860Z - [INFO   ] - Connection successful
2022-09-08T07:05:04.384Z - [INFO   ] - Listening at port 3000
2022-09-08T07:05:04.475Z - [INFO   ] - Connection successful
2022-09-08T07:05:22.337Z - [INFO   ] - Listening at port 3000
2022-09-08T07:05:22.445Z - [INFO   ] - Connection successful
2022-09-08T07:05:31.796Z - [INFO   ] - Listening at port 3000
2022-09-08T07:05:31.859Z - [INFO   ] - Connection successful
2022-09-08T07:05:52.220Z - [INFO   ] - Listening at port 3000
2022-09-08T07:05:52.281Z - [INFO   ] - Connection successful
2022-09-08T07:09:17.315Z - [INFO   ] - Listening at port 3000
2022-09-08T07:09:17.366Z - [INFO   ] - Connection successful
2022-09-08T07:11:38.794Z - [INFO   ] - Listening at port 3000
2022-09-08T07:11:38.840Z - [INFO   ] - Connection successful
2022-09-08T07:11:43.670Z - [INFO   ] - Listening at port 3000
2022-09-08T07:11:43.711Z - [INFO   ] - Connection successful
2022-09-08T07:12:13.379Z - [INFO   ] - Listening at port 3000
2022-09-08T07:12:13.424Z - [INFO   ] - Connection successful
2022-09-08T07:13:01.829Z - [INFO   ] - Listening at port 3000
2022-09-08T07:13:01.872Z - [INFO   ] - Connection successful
2022-09-08T07:13:15.718Z - [INFO   ] - Listening at port 3000
2022-09-08T07:13:15.767Z - [INFO   ] - Connection successful
2022-09-08T07:14:32.260Z - [INFO   ] - Listening at port 3000
2022-09-08T07:14:41.519Z - [INFO   ] - Listening at port 3000
2022-09-08T07:14:41.571Z - [INFO   ] - Connection successful
2022-09-08T07:17:07.397Z - [INFO   ] - Listening at port 3000
2022-09-08T07:17:07.455Z - [INFO   ] - Connection successful
2022-09-08T07:18:36.802Z - [INFO   ] - Listening at port 3000
2022-09-08T07:18:36.864Z - [INFO   ] - Connection successful
2022-09-08T07:21:19.874Z - [INFO   ] - Listening at port 3000
2022-09-08T07:21:19.949Z - [INFO   ] - Connection successful
2022-09-08T07:35:28.933Z - [INFO   ] - Listening at port 3000
2022-09-08T07:35:28.994Z - [INFO   ] - Connection successful
2022-09-08T07:37:13.393Z - [INFO   ] - Listening at port 3000
2022-09-08T07:37:13.447Z - [INFO   ] - Connection successful
2022-09-08T07:37:57.055Z - [ERROR  ] - Error creating user Cannot set headers after they are sent to the client
2022-09-08T07:38:44.934Z - [INFO   ] - Listening at port 3000
2022-09-08T07:38:44.994Z - [INFO   ] - Connection successful
2022-09-08T07:39:05.072Z - [INFO   ] - User created successfully
2022-09-08T07:39:34.887Z - [INFO   ] - Listening at port 3000
2022-09-08T07:39:34.961Z - [INFO   ] - Connection successful
2022-09-08T07:39:45.487Z - [INFO   ] - User created successfully
2022-09-08T07:41:16.893Z - [INFO   ] - Listening at port 3000
2022-09-08T07:41:16.951Z - [INFO   ] - Connection successful
2022-09-08T07:41:25.605Z - [ERROR  ] - Error creating user _id is not defined
2022-09-08T07:42:07.599Z - [INFO   ] - Listening at port 3000
2022-09-08T07:42:07.658Z - [INFO   ] - Connection successful
2022-09-08T07:42:09.079Z - [INFO   ] - Listening at port 3000
2022-09-08T07:42:09.137Z - [INFO   ] - Connection successful
2022-09-08T07:46:01.419Z - [INFO   ] - Listening at port 3000
2022-09-08T07:46:01.466Z - [INFO   ] - Connection successful
2022-09-08T07:46:56.347Z - [INFO   ] - Listening at port 3000
2022-09-08T07:46:56.405Z - [INFO   ] - Connection successful
2022-09-08T07:49:20.541Z - [INFO   ] - Listening at port 3000
2022-09-08T07:49:20.582Z - [INFO   ] - Connection successful
2022-09-08T07:50:13.929Z - [ERROR  ] - Error verifying Cannot read properties of null (reading 'id')
2022-09-08T07:50:54.629Z - [INFO   ] - Listening at port 3000
2022-09-08T07:50:54.678Z - [INFO   ] - Connection successful
2022-09-08T07:50:58.470Z - [ERROR  ] - Error verifying Cannot read properties of null (reading 'id')
2022-09-08T07:51:07.384Z - [INFO   ] - Password incorrect
2022-09-08T07:51:24.563Z - [INFO   ] - Listening at port 3000
2022-09-08T07:51:24.609Z - [INFO   ] - Connection successful
2022-09-08T07:52:15.507Z - [ERROR  ] - Error verifying Cannot read properties of null (reading 'id')
2022-09-08T07:54:43.522Z - [ERROR  ] - Error verifying Cannot read properties of null (reading 'id')
2022-09-08T07:57:18.887Z - [INFO   ] - Listening at port 3000
2022-09-08T07:57:18.925Z - [INFO   ] - Connection successful
2022-09-08T07:57:25.548Z - [INFO   ] - User created successfully
2022-09-08T07:57:58.290Z - [INFO   ] - User signed in successfully
2022-09-08T07:58:06.022Z - [INFO   ] - List created successfully
2022-09-08T07:58:59.900Z - [INFO   ] - Listening at port 3000
2022-09-08T07:58:59.947Z - [INFO   ] - Connection successful
2022-09-08T07:59:03.402Z - [INFO   ] - User signed in successfully
2022-09-08T07:59:11.199Z - [INFO   ] - Item created successfully
2022-09-08T07:59:23.227Z - [INFO   ] - Item created successfully
2022-09-08T07:59:41.028Z - [INFO   ] - Item created successfully
2022-09-08T07:59:59.780Z - [INFO   ] - Item created successfully
2022-09-08T08:04:26.460Z - [INFO   ] - Listening at port 3000
2022-09-08T08:04:26.499Z - [INFO   ] - Connection successful
2022-09-08T08:04:30.924Z - [INFO   ] - User signed in successfully
2022-09-08T08:11:35.578Z - [INFO   ] - Listening at port 3000
2022-09-08T08:11:35.627Z - [INFO   ] - Connection successful
2022-09-08T08:11:41.744Z - [INFO   ] - User signed in successfully
2022-09-08T08:11:53.061Z - [INFO   ] - Item updated successfully
2022-09-08T09:28:27.659Z - [INFO   ] - Listening at port 3000
2022-09-08T09:28:27.729Z - [INFO   ] - Connection successful
2022-09-08T09:29:18.576Z - [INFO   ] - Listening at port 3000
2022-09-08T09:29:18.623Z - [INFO   ] - Connection successful
2022-09-08T09:30:05.845Z - [INFO   ] - Listening at port 3000
2022-09-08T09:30:05.892Z - [INFO   ] - Connection successful
2022-09-08T09:30:26.422Z - [INFO   ] - Listening at port 3000
2022-09-08T09:30:26.476Z - [INFO   ] - Connection successful
2022-09-08T09:30:58.063Z - [INFO   ] - Listening at port 3000
2022-09-08T09:30:58.111Z - [INFO   ] - Connection successful
2022-09-08T09:31:30.571Z - [INFO   ] - Listening at port 3000
2022-09-08T09:31:30.621Z - [INFO   ] - Connection successful
2022-09-08T09:32:22.652Z - [INFO   ] - Listening at port 3000
2022-09-08T09:32:22.701Z - [INFO   ] - Connection successful
2022-09-08T09:32:47.318Z - [INFO   ] - Listening at port 3000
2022-09-08T09:32:47.372Z - [INFO   ] - Connection successful
2022-09-08T09:33:25.219Z - [INFO   ] - Listening at port 3000
2022-09-08T09:33:25.266Z - [INFO   ] - Connection successful
2022-09-08T09:33:54.350Z - [INFO   ] - Listening at port 3000
2022-09-08T09:33:54.401Z - [INFO   ] - Connection successful
2022-09-08T09:35:14.367Z - [INFO   ] - Listening at port 3000
2022-09-08T09:35:14.417Z - [INFO   ] - Connection successful
2022-09-08T09:35:59.598Z - [INFO   ] - Listening at port 3000
2022-09-08T09:35:59.645Z - [INFO   ] - Connection successful
